[32mweb:build: [0mcache hit, replaying output [2m581cebbbbfb8d1f5[0m
[32mweb:build: [0m$ next build
[32mweb:build: [0minfo  - Checking validity of types...
[32mweb:build: [0mwarn  - No ESLint configuration detected. Run next lint to begin setup
[32mweb:build: [0minfo  - Creating an optimized production build...
[32mweb:build: [0minfo  - Compiled successfully
[32mweb:build: [0minfo  - Collecting page data...
[32mweb:build: [0minfo  - Generating static pages (0/3)
[32mweb:build: [0minfo  - Generating static pages (3/3)
[32mweb:build: [0minfo  - Finalizing page optimization...
[32mweb:build: [0m
[32mweb:build: [0mPage                                       Size     First Load JS
[32mweb:build: [0m┌ ○ /                                      304 B          71.3 kB
[32mweb:build: [0m└ ○ /404                                   193 B          71.2 kB
[32mweb:build: [0m+ First Load JS shared by all              71 kB
[32mweb:build: [0m  ├ chunks/framework-71b7ac9748a53568.js   42 kB
[32mweb:build: [0m  ├ chunks/main-24e9726f06e44d56.js        26.9 kB
[32mweb:build: [0m  ├ chunks/pages/_app-2ad88a182aea1df3.js  1.37 kB
[32mweb:build: [0m  └ chunks/webpack-45f9f9587e6c08e1.js     729 B
[32mweb:build: [0m
[32mweb:build: [0m○  (Static)  automatically rendered as static HTML (uses no initial props)
[32mweb:build: [0m
